0 info it worked if it ends with ok
1 verbose cli [ 'node', '/Users/ritz078/.npm-packages/bin/npm', 'publish' ]
2 info using npm@2.5.1
3 info using node@v0.10.35
4 verbose publish [ '.' ]
5 silly cache add args [ '.', null ]
6 verbose cache add spec .
7 silly cache add parsed spec { raw: '.',
7 silly cache add   scope: null,
7 silly cache add   name: null,
7 silly cache add   rawSpec: '.',
7 silly cache add   spec: '/Users/ritz078/projects/ngEmoticons',
7 silly cache add   type: 'directory' }
8 verbose addLocalDirectory /Users/ritz078/.npm/ngEmoticons/1.0.0/package.tgz not in flight; packing
9 verbose tar pack [ '/Users/ritz078/.npm/ngEmoticons/1.0.0/package.tgz',
9 verbose tar pack   '/Users/ritz078/projects/ngEmoticons' ]
10 verbose tarball /Users/ritz078/.npm/ngEmoticons/1.0.0/package.tgz
11 verbose folder /Users/ritz078/projects/ngEmoticons
12 info prepublish ngEmoticons@1.0.0
13 verbose addLocalTarball adding from inside cache /Users/ritz078/.npm/ngEmoticons/1.0.0/package.tgz
14 silly cache afterAdd ngEmoticons@1.0.0
15 verbose afterAdd /Users/ritz078/.npm/ngEmoticons/1.0.0/package/package.json not in flight; writing
16 verbose afterAdd /Users/ritz078/.npm/ngEmoticons/1.0.0/package/package.json written
17 silly publish { name: 'ngEmoticons',
17 silly publish   version: '1.0.0',
17 silly publish   description: 'ngEmoticons',
17 silly publish   main: [ 'src/ng-emoticons.js', 'src/ng-emoticons.css' ],
17 silly publish   scripts: { test: 'echo "Error: no test specified" && exit 1' },
17 silly publish   repository:
17 silly publish    { type: 'git',
17 silly publish      url: 'https://github.com/ritz078/ngEmoticons.git' },
17 silly publish   author: { name: 'Ritesh Kumar' },
17 silly publish   license: 'MIT',
17 silly publish   bugs: { url: 'https://github.com/ritz078/ngEmoticons/issues' },
17 silly publish   homepage: 'https://github.com/ritz078/ngEmoticons',
17 silly publish   devDependencies:
17 silly publish    { grunt: '^0.4.5',
17 silly publish      'grunt-contrib-cssmin': '^0.10.0',
17 silly publish      'grunt-contrib-jshint': '^0.10.0',
17 silly publish      'grunt-contrib-uglify': '^0.6.0' },
17 silly publish   readme: 'ngEmoticons\n===========\n\nAn angularjs filter for converting text into emoticons.\n\nSupports chat codes like :) :P :( 3:) :D :/ ;)  (y) (^) <3 </3 etc.\n\nScreenshot\n----------\n![screenshot](https://raw.github.com/ritz078/ngEmoticons/master/demo/screen.png)\n\nDependencies\n-----------\n+ AngularJs 1.2 or above\n+ ng-Sanitize\n\n\nGetting Started\n---------------\n\nInstall through bower\n```html\nbower install ng-emoticons --save\n```\nload css files\n```html\n <link rel="stylesheet" href="path/to/ng-emoticons.min.css"/>\n```\n\n Then load the following files\n```html\n<script src="bower_components/angular/angular.js"></script>\n<script src="bower_components/angular-sanitize/angular-sanitize.js"></script>\n<script src="path/to/ng-emoticons.js"></script>\n```\n\nLoad \'Emoticons\' as a dependency\n```javascript\nangular.module(\'ngEmoticonApp\', [\'ngSanitize\',\'ngEmoticons\'])\n```\n\nHTML:\n```html\n<div ng-bind-html="text | linky:\'_blank\' | emoticons"></div>\n```\n\n\nVersion 1.0.0\n-------------\n\n* Better directory structure.\n* Updated dependencies.\n* Added smileys\' variation.\n\nVersion 0.2.0\n-------------\n\nUsing font instead of images.\n\nContributing\n------------\n\n* If you are Interested in contributing to this project, you are most welcome.\n* If it is a bug-fix/improvement, first report it at [issues](https://github.com/ritz078/ngEmoticons/issues)\n* Discuss with us in detail about your issue/improvement\n* Get the issue allotted.\n* If you are contributing a bug-fix or a very minor addition, feel free to do a pull request on the master # branch.\n* If you are unsure about the bug/improvement, create an issue to discuss.\n* Report bugs @ [issues](https://github.com/ritz078/ngEmoticons/issues)\n\n\nLicense\n-------\n\nThe MIT License (MIT)\n\nCopyright (c) 2014 Ritesh Kumar\n\nPermission is hereby granted, free of charge, to any person obtaining a\ncopy\nof this software and associated documentation files (the "Software"), to\ndeal\nin the Software without restriction, including without limitation the\nrights\nto use, copy, modify, merge, publish, distribute, sublicense, and/or\nsell\ncopies of the Software, and to permit persons to whom the Software is\nfurnished to do so, subject to the following conditions:\n\nThe above copyright notice and this permission notice shall be included\nin all\ncopies or substantial portions of the Software.\n\nTHE SOFTWARE IS PROVIDED "AS IS", WITHOUT WARRANTY OF ANY KIND, EXPRESS\nOR\nIMPLIED, INCLUDING BUT NOT LIMITED TO THE WARRANTIES OF MERCHANTABILITY,\nFITNESS FOR A PARTICULAR PURPOSE AND NONINFRINGEMENT. IN NO EVENT SHALL\nTHE\nAUTHORS OR COPYRIGHT HOLDERS BE LIABLE FOR ANY CLAIM, DAMAGES OR OTHER\nLIABILITY, WHETHER IN AN ACTION OF CONTRACT, TORT OR OTHERWISE, ARISING\nFROM,\nOUT OF OR IN CONNECTION WITH THE SOFTWARE OR THE USE OR OTHER DEALINGS\nIN THE\nSOFTWARE.\n\n\n',
17 silly publish   readmeFilename: 'README.md',
17 silly publish   gitHead: '6210993a0c3b36fe49f8b58f7931dbbded71f2ae',
17 silly publish   _id: 'ngEmoticons@1.0.0',
17 silly publish   _shasum: '1a12b0fe26adb3407dcfc3e89ad4e6a1d9e5fbe8',
17 silly publish   _from: '.' }
18 silly mapToRegistry name ngEmoticons
19 silly mapToRegistry using default registry
20 silly mapToRegistry registry http://registry.npmjs.org/
21 silly mapToRegistry uri http://registry.npmjs.org/ngEmoticons
22 verbose publish registryBase http://registry.npmjs.org/
23 silly publish uploading /Users/ritz078/.npm/ngEmoticons/1.0.0/package.tgz
24 verbose stack Error: Invalid name: "ngEmoticons"
24 verbose stack     at ensureValidName (/Users/ritz078/.npm-packages/lib/node_modules/npm/node_modules/npm-registry-client/node_modules/normalize-package-data/lib/fixer.js:322:15)
24 verbose stack     at Object.module.exports.fixNameField (/Users/ritz078/.npm-packages/lib/node_modules/npm/node_modules/npm-registry-client/node_modules/normalize-package-data/lib/fixer.js:211:5)
24 verbose stack     at CachingRegistryClient.publish (/Users/ritz078/.npm-packages/lib/node_modules/npm/node_modules/npm-registry-client/lib/publish.js:41:11)
24 verbose stack     at /Users/ritz078/.npm-packages/lib/node_modules/npm/lib/publish.js:135:14
24 verbose stack     at mapToRegistry (/Users/ritz078/.npm-packages/lib/node_modules/npm/lib/utils/map-to-registry.js:55:3)
24 verbose stack     at publish_ (/Users/ritz078/.npm-packages/lib/node_modules/npm/lib/publish.js:105:3)
24 verbose stack     at Array.1 (/Users/ritz078/.npm-packages/lib/node_modules/npm/node_modules/slide/lib/bind-actor.js:15:8)
24 verbose stack     at LOOP (/Users/ritz078/.npm-packages/lib/node_modules/npm/node_modules/slide/lib/chain.js:15:14)
24 verbose stack     at LOOP (/Users/ritz078/.npm-packages/lib/node_modules/npm/node_modules/slide/lib/chain.js:14:28)
24 verbose stack     at chain (/Users/ritz078/.npm-packages/lib/node_modules/npm/node_modules/slide/lib/chain.js:20:5)
25 verbose cwd /Users/ritz078/projects/ngEmoticons
26 error Darwin 14.1.0
27 error argv "node" "/Users/ritz078/.npm-packages/bin/npm" "publish"
28 error node v0.10.35
29 error npm  v2.5.1
30 error Invalid name: "ngEmoticons"
31 error If you need help, you may report this error at:
31 error     <http://github.com/npm/npm/issues>
32 verbose exit [ 1, true ]
